Arguments: 
  C:\Program Files\nodejs\node.exe C:\Users\SEPC\AppData\Roaming\npm\node_modules\yarn\bin\yarn.js add zustand^4.1.4

PATH: 
  C:\Windows\system32;C:\Windows;C:\Windows\System32\Wbem;C:\Windows\System32\WindowsPowerShell\v1.0\;C:\Windows\System32\OpenSSH\;C:\Users\SEPC\AppData\Roaming\npm\;C:\Program Files\Git\cmd;%NVM_HOME%;%NVM_SYMLINK%;C:\Program Files\nodejs\;C:\Users\SEPC\AppData\Local\Microsoft\WindowsApps;C:\Users\SEPC\AppData\Local\Programs\Microsoft VS Code\bin;C:\Users\SEPC\AppData\Roaming\nvm;C:\Program Files\nodejs;C:\Users\SEPC\AppData\Roaming\npm

Yarn version: 
  1.22.19

Node version: 
  18.16.1

Platform: 
  win32 x64

Trace: 
  Error: https://registry.yarnpkg.com/zustand%5E4.1.4: Not found
      at params.callback [as _callback] (C:\Users\SEPC\AppData\Roaming\npm\node_modules\yarn\lib\cli.js:66145:18)
      at self.callback (C:\Users\SEPC\AppData\Roaming\npm\node_modules\yarn\lib\cli.js:140890:22)
      at Request.emit (node:events:513:28)
      at Request.<anonymous> (C:\Users\SEPC\AppData\Roaming\npm\node_modules\yarn\lib\cli.js:141862:10)
      at Request.emit (node:events:513:28)
      at IncomingMessage.<anonymous> (C:\Users\SEPC\AppData\Roaming\npm\node_modules\yarn\lib\cli.js:141784:12)
      at Object.onceWrapper (node:events:627:28)
      at IncomingMessage.emit (node:events:525:35)
      at endReadableNT (node:internal/streams/readable:1359:12)
      at process.processTicksAndRejections (node:internal/process/task_queues:82:21)

npm manifest: 
  {
    "name": "next-ts-template",
    "version": "0.1.0",
    "private": true,
    "scripts": {
      "dev": "next dev",
      "build": "next build",
      "start": "next start",
      "lint": "next lint"
    },
    "dependencies": {
      "@types/node": "18.11.9",
      "@types/react": "18.0.25",
      "@types/react-dom": "18.0.9",
      "@use-gesture/react": "^10.3.0",
      "axios": "^1.5.0",
      "eslint": "8.28.0",
      "eslint-config-next": "13.0.4",
      "http-proxy-middleware": "^2.0.6",
      "moment": "^2.29.4",
      "next": "^12.2.5",
      "react": "18.2.0",
      "react-daum-postcode": "^3.1.3",
      "react-dom": "18.2.0",
      "react-icons": "^4.11.0",
      "react-player": "^2.13.0",
      "react-use-gesture": "^9.1.3",
      "scriptjs": "^2.5.9",
      "zustand": "^4.3.8"
    },
    "devDependencies": {
      "autoprefixer": "^10.4.13",
      "postcss": "^8.4.19",
      "tailwindcss": "^3.2.4",
      "typescript": "5.2.2"
    }
  }

yarn manifest: 
  No manifest

Lockfile: 
  No lockfile
